<?xml version="1.0" encoding="UTF-8"?>
<testsuite name="com.cotor.data.config.FileConfigRepositoryTest" tests="6" skipped="0" failures="0" errors="0" timestamp="2026-02-14T14:03:20" hostname="MacBook-Pro.local" time="0.093">
  <properties/>
  <testcase name="merges configs from .cotor directory" classname="com.cotor.data.config.FileConfigRepositoryTest" time="0.055"/>
  <testcase name="deep merges nested config objects" classname="com.cotor.data.config.FileConfigRepositoryTest" time="0.002"/>
  <testcase name="can override with empty list" classname="com.cotor.data.config.FileConfigRepositoryTest" time="0.004"/>
  <testcase name="can override List&lt;Path&gt; with empty list" classname="com.cotor.data.config.FileConfigRepositoryTest" time="0.002"/>
  <testcase name="throws friendly error when config file is missing" classname="com.cotor.data.config.FileConfigRepositoryTest" time="0.01"/>
  <testcase name="creates parent directories when saving configuration" classname="com.cotor.data.config.FileConfigRepositoryTest" time="0.016"/>
  <system-out><![CDATA[]]></system-out>
  <system-err><![CDATA[]]></system-err>
</testsuite>
