<?xml version="1.0" encoding="UTF-8"?>
<testsuite name="com.cotor.domain.orchestrator.PipelineOrchestratorTimeoutTest" tests="3" skipped="0" failures="0" errors="0" timestamp="2026-02-14T14:03:22" hostname="MacBook-Pro.local" time="1.546">
  <properties/>
  <testcase name="pipeline should time out and throw PipelineException" classname="com.cotor.domain.orchestrator.PipelineOrchestratorTimeoutTest" time="0.511"/>
  <testcase name="stage should time out and fail pipeline" classname="com.cotor.domain.orchestrator.PipelineOrchestratorTimeoutTest" time="0.504"/>
  <testcase name="stage should time out and continue pipeline" classname="com.cotor.domain.orchestrator.PipelineOrchestratorTimeoutTest" time="0.529"/>
  <system-out><![CDATA[23:03:22.093 [pool-1-thread-1 @coroutine#79] INFO  TimeoutTest - Starting pipeline: timeout-pipeline (ID: 8a42d2d5-2f5d-4802-adb8-c749feef2409)
23:03:22.599 [pool-1-thread-1 @coroutine#81] ERROR TimeoutTest - Pipeline failed: timeout-pipeline
com.cotor.model.PipelineException: Pipeline 'timeout-pipeline' timed out after 500 ms
	at com.cotor.domain.orchestrator.DefaultPipelineOrchestrator$executePipeline$2$deferred$1.invokeSuspend(PipelineOrchestrator.kt:152)
	at kotlin.coroutines.jvm.internal.BaseContinuationImpl.resumeWith(ContinuationImpl.kt:33)
	at kotlinx.coroutines.internal.ScopeCoroutine.afterResume(Scopes.kt:28)
	at kotlinx.coroutines.AbstractCoroutine.resumeWith(AbstractCoroutine.kt:100)
	at kotlin.coroutines.jvm.internal.BaseContinuationImpl.resumeWith(ContinuationImpl.kt:46)
	at kotlinx.coroutines.DispatchedTask.run(DispatchedTask.kt:99)
	at java.base/java.util.concurrent.ThreadPoolExecutor.runWorker(ThreadPoolExecutor.java:1136)
	at java.base/java.util.concurrent.ThreadPoolExecutor$Worker.run(ThreadPoolExecutor.java:635)
	at java.base/java.lang.Thread.run(Thread.java:840)
23:03:22.605 [pool-1-thread-1 @coroutine#82] INFO  TimeoutTest - Starting pipeline: stage-timeout-fail (ID: e3a424f8-671f-415b-ab13-43459baed320)
23:03:23.107 [pool-1-thread-1 @coroutine#84] WARN  TimeoutTest - Stage 'stage1' timed out after 500 ms
23:03:23.107 [pool-1-thread-1 @coroutine#84] ERROR TimeoutTest - Pipeline failed: stage-timeout-fail
com.cotor.model.PipelineException: Stage 'stage1' timed out after 500 ms
	at com.cotor.domain.orchestrator.DefaultPipelineOrchestrator.runStage(PipelineOrchestrator.kt:449)
	at com.cotor.domain.orchestrator.DefaultPipelineOrchestrator.access$runStage(PipelineOrchestrator.kt:65)
	at com.cotor.domain.orchestrator.DefaultPipelineOrchestrator$runStage$1.invokeSuspend(PipelineOrchestrator.kt)
	at kotlin.coroutines.jvm.internal.BaseContinuationImpl.resumeWith(ContinuationImpl.kt:33)
	at kotlinx.coroutines.internal.ScopeCoroutine.afterResume(Scopes.kt:28)
	at kotlinx.coroutines.AbstractCoroutine.resumeWith(AbstractCoroutine.kt:100)
	at kotlin.coroutines.jvm.internal.BaseContinuationImpl.resumeWith(ContinuationImpl.kt:46)
	at kotlinx.coroutines.DispatchedTask.run(DispatchedTask.kt:99)
	at java.base/java.util.concurrent.ThreadPoolExecutor.runWorker(ThreadPoolExecutor.java:1136)
	at java.base/java.util.concurrent.ThreadPoolExecutor$Worker.run(ThreadPoolExecutor.java:635)
	at java.base/java.lang.Thread.run(Thread.java:840)
23:03:23.110 [pool-1-thread-1 @coroutine#85] INFO  TimeoutTest - Starting pipeline: stage-timeout-continue (ID: 9dc30c90-53f9-4e1c-8af9-cccebe1cdc27)
23:03:23.616 [pool-1-thread-1 @coroutine#87] WARN  TimeoutTest - Stage 'stage1' timed out after 500 ms
23:03:23.638 [pool-1-thread-1 @coroutine#87] INFO  TimeoutTest - Checkpoint saved: /Users/Projects/cotor/.cotor/checkpoints/9dc30c90-53f9-4e1c-8af9-cccebe1cdc27.json
]]></system-out>
  <system-err><![CDATA[]]></system-err>
</testsuite>
