<?xml version="1.0" encoding="UTF-8"?>
<testsuite name="com.cotor.context.TemplateEngineTest" tests="7" skipped="0" failures="0" errors="0" timestamp="2026-02-14T13:07:06" hostname="MacBook-Pro.local" time="0.009">
  <properties/>
  <testcase name="should handle invalid expressions gracefully()" classname="com.cotor.context.TemplateEngineTest" time="0.006"/>
  <testcase name="should interpolate stage output expression()" classname="com.cotor.context.TemplateEngineTest" time="0.0"/>
  <testcase name="should handle multiple expressions()" classname="com.cotor.context.TemplateEngineTest" time="0.0"/>
  <testcase name="should interpolate environment variables()" classname="com.cotor.context.TemplateEngineTest" time="0.001"/>
  <testcase name="should interpolate pipeline name()" classname="com.cotor.context.TemplateEngineTest" time="0.0"/>
  <testcase name="should handle nonexistent stage output()" classname="com.cotor.context.TemplateEngineTest" time="0.001"/>
  <testcase name="should maintain legacy mustache syntax for shared state()" classname="com.cotor.context.TemplateEngineTest" time="0.0"/>
  <system-out><![CDATA[]]></system-out>
  <system-err><![CDATA[]]></system-err>
</testsuite>
