<?xml version="1.0" encoding="UTF-8"?>
<testsuite name="com.cotor.presentation.cli.StatsCommandTest" tests="2" skipped="0" failures="0" errors="0" timestamp="2026-02-14T13:07:05" hostname="MacBook-Pro.local" time="0.034">
  <properties/>
  <testcase name="stats command with --output-format json returns json" classname="com.cotor.presentation.cli.StatsCommandTest" time="0.027"/>
  <testcase name="stats command with --output-format csv returns csv" classname="com.cotor.presentation.cli.StatsCommandTest" time="0.006"/>
  <system-out><![CDATA[]]></system-out>
  <system-err><![CDATA[]]></system-err>
</testsuite>
