<?xml version="1.0" encoding="UTF-8"?>
<testsuite name="com.cotor.domain.orchestrator.PipelineOrchestratorTimeoutTest" tests="3" skipped="0" failures="0" errors="0" timestamp="2026-02-14T14:02:13" hostname="MacBook-Pro.local" time="1.547">
  <properties/>
  <testcase name="pipeline should time out and throw PipelineException" classname="com.cotor.domain.orchestrator.PipelineOrchestratorTimeoutTest" time="0.514"/>
  <testcase name="stage should time out and fail pipeline" classname="com.cotor.domain.orchestrator.PipelineOrchestratorTimeoutTest" time="0.504"/>
  <testcase name="stage should time out and continue pipeline" classname="com.cotor.domain.orchestrator.PipelineOrchestratorTimeoutTest" time="0.528"/>
  <system-out><![CDATA[23:02:13.284 [pool-1-thread-1 @coroutine#79] INFO  TimeoutTest - Starting pipeline: timeout-pipeline (ID: 859ed1f4-5791-458a-9ab2-787add9769ad)
23:02:13.792 [pool-1-thread-1 @coroutine#81] ERROR TimeoutTest - Pipeline failed: timeout-pipeline
com.cotor.model.PipelineException: Pipeline 'timeout-pipeline' timed out after 500 ms
	at com.cotor.domain.orchestrator.DefaultPipelineOrchestrator$executePipeline$2$deferred$1.invokeSuspend(PipelineOrchestrator.kt:152)
	at kotlin.coroutines.jvm.internal.BaseContinuationImpl.resumeWith(ContinuationImpl.kt:33)
	at kotlinx.coroutines.internal.ScopeCoroutine.afterResume(Scopes.kt:28)
	at kotlinx.coroutines.AbstractCoroutine.resumeWith(AbstractCoroutine.kt:100)
	at kotlin.coroutines.jvm.internal.BaseContinuationImpl.resumeWith(ContinuationImpl.kt:46)
	at kotlinx.coroutines.DispatchedTask.run(DispatchedTask.kt:99)
	at java.base/java.util.concurrent.ThreadPoolExecutor.runWorker(ThreadPoolExecutor.java:1136)
	at java.base/java.util.concurrent.ThreadPoolExecutor$Worker.run(ThreadPoolExecutor.java:635)
	at java.base/java.lang.Thread.run(Thread.java:840)
23:02:13.798 [pool-1-thread-1 @coroutine#82] INFO  TimeoutTest - Starting pipeline: stage-timeout-fail (ID: e09766f3-d086-462e-a61d-9f02bdcdc796)
23:02:14.300 [pool-1-thread-1 @coroutine#84] WARN  TimeoutTest - Stage 'stage1' timed out after 500 ms
23:02:14.300 [pool-1-thread-1 @coroutine#84] ERROR TimeoutTest - Pipeline failed: stage-timeout-fail
com.cotor.model.PipelineException: Stage 'stage1' timed out after 500 ms
	at com.cotor.domain.orchestrator.DefaultPipelineOrchestrator.runStage(PipelineOrchestrator.kt:449)
	at com.cotor.domain.orchestrator.DefaultPipelineOrchestrator.access$runStage(PipelineOrchestrator.kt:65)
	at com.cotor.domain.orchestrator.DefaultPipelineOrchestrator$runStage$1.invokeSuspend(PipelineOrchestrator.kt)
	at kotlin.coroutines.jvm.internal.BaseContinuationImpl.resumeWith(ContinuationImpl.kt:33)
	at kotlinx.coroutines.internal.ScopeCoroutine.afterResume(Scopes.kt:28)
	at kotlinx.coroutines.AbstractCoroutine.resumeWith(AbstractCoroutine.kt:100)
	at kotlin.coroutines.jvm.internal.BaseContinuationImpl.resumeWith(ContinuationImpl.kt:46)
	at kotlinx.coroutines.DispatchedTask.run(DispatchedTask.kt:99)
	at java.base/java.util.concurrent.ThreadPoolExecutor.runWorker(ThreadPoolExecutor.java:1136)
	at java.base/java.util.concurrent.ThreadPoolExecutor$Worker.run(ThreadPoolExecutor.java:635)
	at java.base/java.lang.Thread.run(Thread.java:840)
23:02:14.303 [pool-1-thread-1 @coroutine#85] INFO  TimeoutTest - Starting pipeline: stage-timeout-continue (ID: ee396f51-da1e-4b97-8598-1676599d7962)
23:02:14.808 [pool-1-thread-1 @coroutine#87] WARN  TimeoutTest - Stage 'stage1' timed out after 500 ms
23:02:14.830 [pool-1-thread-1 @coroutine#87] INFO  TimeoutTest - Checkpoint saved: /Users/Projects/cotor/.cotor/checkpoints/ee396f51-da1e-4b97-8598-1676599d7962.json
]]></system-out>
  <system-err><![CDATA[]]></system-err>
</testsuite>
