<?xml version="1.0" encoding="UTF-8"?>
<testsuite name="com.cotor.validation.PipelineValidatorExtTest" tests="5" skipped="0" failures="0" errors="0" timestamp="2026-02-14T13:08:12" hostname="MacBook-Pro.local" time="0.023">
  <properties/>
  <testcase name="reports error for undefined dependency in DAG" classname="com.cotor.validation.PipelineValidatorExtTest" time="0.018"/>
  <testcase name="reports error for self-referencing dependency" classname="com.cotor.validation.PipelineValidatorExtTest" time="0.001"/>
  <testcase name="reports error for unknown agent reference" classname="com.cotor.validation.PipelineValidatorExtTest" time="0.001"/>
  <testcase name="reports error when agent plugin cannot be loaded" classname="com.cotor.validation.PipelineValidatorExtTest" time="0.001"/>
  <testcase name="reports error for duplicate stage IDs" classname="com.cotor.validation.PipelineValidatorExtTest" time="0.0"/>
  <system-out><![CDATA[]]></system-out>
  <system-err><![CDATA[]]></system-err>
</testsuite>
