<?xml version="1.0" encoding="UTF-8"?>
<testsuite name="com.cotor.domain.orchestrator.PipelineOrchestratorTemplatingTest" tests="1" skipped="0" failures="0" errors="0" timestamp="2026-02-14T14:02:38" hostname="MacBook-Pro.local" time="0.238">
  <properties/>
  <testcase name="should correctly interpolate stage output in a sequential pipeline" classname="com.cotor.domain.orchestrator.PipelineOrchestratorTemplatingTest" time="0.238"/>
  <system-out><![CDATA[]]></system-out>
  <system-err><![CDATA[]]></system-err>
</testsuite>
