<?xml version="1.0" encoding="UTF-8"?>
<testsuite name="com.cotor.data.config.YamlParserTest" tests="2" skipped="0" failures="0" errors="0" timestamp="2026-02-14T14:02:37" hostname="MacBook-Pro.local" time="0.009">
  <properties/>
  <testcase name="throws YamlParsingException on incorrect indentation" classname="com.cotor.data.config.YamlParserTest" time="0.006"/>
  <testcase name="throws YamlParsingException on type error for nested property" classname="com.cotor.data.config.YamlParserTest" time="0.002"/>
  <system-out><![CDATA[]]></system-out>
  <system-err><![CDATA[]]></system-err>
</testsuite>
