<?xml version="1.0" encoding="UTF-8"?>
<testsuite name="com.cotor.domain.orchestrator.PipelineOrchestratorConditionalTest" tests="2" skipped="0" failures="0" errors="0" timestamp="2026-02-14T14:03:29" hostname="MacBook-Pro.local" time="0.118">
  <properties/>
  <testcase name="decision stage reroutes pipeline when condition fails" classname="com.cotor.domain.orchestrator.PipelineOrchestratorConditionalTest" time="0.099"/>
  <testcase name="loop stage repeats target stage until max iterations" classname="com.cotor.domain.orchestrator.PipelineOrchestratorConditionalTest" time="0.018"/>
  <system-out><![CDATA[23:03:29.677 [pool-1-thread-1 @coroutine#63] INFO  ConditionalTest - Starting pipeline: conditional (ID: 8d75ce44-47d5-42a5-b75b-757f93b2da75)
23:03:29.723 [pool-1-thread-1 @coroutine#64] INFO  ConditionalTest - Checkpoint saved: /Users/Projects/cotor/.cotor/checkpoints/8d75ce44-47d5-42a5-b75b-757f93b2da75.json
23:03:29.731 [pool-1-thread-1 @coroutine#67] INFO  ConditionalTest - Starting pipeline: looping (ID: 79be9016-e33b-4adb-8d4d-449c9094abf9)
23:03:29.746 [pool-1-thread-1 @coroutine#68] INFO  ConditionalTest - Checkpoint saved: /Users/Projects/cotor/.cotor/checkpoints/79be9016-e33b-4adb-8d4d-449c9094abf9.json
]]></system-out>
  <system-err><![CDATA[]]></system-err>
</testsuite>
