<?xml version="1.0" encoding="UTF-8"?>
<testsuite name="com.cotor.chat.ChatSessionTest" tests="2" skipped="0" failures="0" errors="0" timestamp="2026-02-14T14:03:28" hostname="MacBook-Pro.local" time="0.006">
  <properties/>
  <testcase name="buildPrompt without context returns raw input" classname="com.cotor.chat.ChatSessionTest" time="0.002"/>
  <testcase name="buildPrompt with context includes recent history" classname="com.cotor.chat.ChatSessionTest" time="0.004"/>
  <system-out><![CDATA[]]></system-out>
  <system-err><![CDATA[]]></system-err>
</testsuite>
