<?xml version="1.0" encoding="UTF-8"?>
<testsuite name="com.cotor.presentation.cli.StatsCommandTest" tests="2" skipped="0" failures="0" errors="0" timestamp="2026-02-14T14:02:32" hostname="MacBook-Pro.local" time="0.037">
  <properties/>
  <testcase name="stats command with --output-format json returns json" classname="com.cotor.presentation.cli.StatsCommandTest" time="0.029"/>
  <testcase name="stats command with --output-format csv returns csv" classname="com.cotor.presentation.cli.StatsCommandTest" time="0.007"/>
  <system-out><![CDATA[]]></system-out>
  <system-err><![CDATA[]]></system-err>
</testsuite>
