<?xml version="1.0" encoding="UTF-8"?>
<testsuite name="com.cotor.validation.TemplateValidatorTest" tests="2" skipped="0" failures="0" errors="0" timestamp="2026-02-14T13:06:58" hostname="MacBook-Pro.local" time="0.001">
  <properties/>
  <testcase name="should pass validation for a valid pipeline" classname="com.cotor.validation.TemplateValidatorTest" time="0.0"/>
  <testcase name="should fail validation for a pipeline with an invalid reference" classname="com.cotor.validation.TemplateValidatorTest" time="0.0"/>
  <system-out><![CDATA[]]></system-out>
  <system-err><![CDATA[]]></system-err>
</testsuite>
