<?xml version="1.0" encoding="UTF-8"?>
<testsuite name="com.cotor.data.config.YamlParserTest" tests="2" skipped="0" failures="0" errors="0" timestamp="2026-02-14T13:06:53" hostname="MacBook-Pro.local" time="0.005">
  <properties/>
  <testcase name="throws YamlParsingException on incorrect indentation" classname="com.cotor.data.config.YamlParserTest" time="0.004"/>
  <testcase name="throws YamlParsingException on type error for nested property" classname="com.cotor.data.config.YamlParserTest" time="0.001"/>
  <system-out><![CDATA[]]></system-out>
  <system-err><![CDATA[]]></system-err>
</testsuite>
