<?xml version="1.0" encoding="UTF-8"?>
<testsuite name="com.cotor.recovery.RecoveryExecutorTest" tests="5" skipped="0" failures="0" errors="0" timestamp="2026-02-14T13:07:13" hostname="MacBook-Pro.local" time="0.837">
  <properties/>
  <testcase name="fallback agent runs when primary fails" classname="com.cotor.recovery.RecoveryExecutorTest" time="0.006"/>
  <testcase name="validation failure marks result unsuccessful" classname="com.cotor.recovery.RecoveryExecutorTest" time="0.003"/>
  <testcase name="fixed backoff strategy should use a constant delay" classname="com.cotor.recovery.RecoveryExecutorTest" time="0.214"/>
  <testcase name="exponential backoff strategy should use an increasing delay" classname="com.cotor.recovery.RecoveryExecutorTest" time="0.611"/>
  <testcase name="retryOn should prevent retries for non-matching errors" classname="com.cotor.recovery.RecoveryExecutorTest" time="0.002"/>
  <system-out><![CDATA[]]></system-out>
  <system-err><![CDATA[]]></system-err>
</testsuite>
