<?xml version="1.0" encoding="UTF-8"?>
<testsuite name="com.cotor.domain.orchestrator.PipelineOrchestratorTimeoutTest" tests="3" skipped="0" failures="0" errors="0" timestamp="2026-02-14T14:03:13" hostname="MacBook-Pro.local" time="1.55">
  <properties/>
  <testcase name="pipeline should time out and throw PipelineException" classname="com.cotor.domain.orchestrator.PipelineOrchestratorTimeoutTest" time="0.511"/>
  <testcase name="stage should time out and fail pipeline" classname="com.cotor.domain.orchestrator.PipelineOrchestratorTimeoutTest" time="0.507"/>
  <testcase name="stage should time out and continue pipeline" classname="com.cotor.domain.orchestrator.PipelineOrchestratorTimeoutTest" time="0.531"/>
  <system-out><![CDATA[23:03:13.409 [pool-1-thread-1 @coroutine#79] INFO  TimeoutTest - Starting pipeline: timeout-pipeline (ID: 0dac4cb9-24d1-49ae-9107-8f6b41511164)
23:03:13.914 [pool-1-thread-1 @coroutine#81] ERROR TimeoutTest - Pipeline failed: timeout-pipeline
com.cotor.model.PipelineException: Pipeline 'timeout-pipeline' timed out after 500 ms
	at com.cotor.domain.orchestrator.DefaultPipelineOrchestrator$executePipeline$2$deferred$1.invokeSuspend(PipelineOrchestrator.kt:152)
	at kotlin.coroutines.jvm.internal.BaseContinuationImpl.resumeWith(ContinuationImpl.kt:33)
	at kotlinx.coroutines.internal.ScopeCoroutine.afterResume(Scopes.kt:28)
	at kotlinx.coroutines.AbstractCoroutine.resumeWith(AbstractCoroutine.kt:100)
	at kotlin.coroutines.jvm.internal.BaseContinuationImpl.resumeWith(ContinuationImpl.kt:46)
	at kotlinx.coroutines.DispatchedTask.run(DispatchedTask.kt:99)
	at java.base/java.util.concurrent.ThreadPoolExecutor.runWorker(ThreadPoolExecutor.java:1136)
	at java.base/java.util.concurrent.ThreadPoolExecutor$Worker.run(ThreadPoolExecutor.java:635)
	at java.base/java.lang.Thread.run(Thread.java:840)
23:03:13.920 [pool-1-thread-1 @coroutine#82] INFO  TimeoutTest - Starting pipeline: stage-timeout-fail (ID: 99a39e31-25c3-4cc6-bf99-a5c86132c6b7)
23:03:14.424 [pool-1-thread-1 @coroutine#84] WARN  TimeoutTest - Stage 'stage1' timed out after 500 ms
23:03:14.425 [pool-1-thread-1 @coroutine#84] ERROR TimeoutTest - Pipeline failed: stage-timeout-fail
com.cotor.model.PipelineException: Stage 'stage1' timed out after 500 ms
	at com.cotor.domain.orchestrator.DefaultPipelineOrchestrator.runStage(PipelineOrchestrator.kt:449)
	at com.cotor.domain.orchestrator.DefaultPipelineOrchestrator.access$runStage(PipelineOrchestrator.kt:65)
	at com.cotor.domain.orchestrator.DefaultPipelineOrchestrator$runStage$1.invokeSuspend(PipelineOrchestrator.kt)
	at kotlin.coroutines.jvm.internal.BaseContinuationImpl.resumeWith(ContinuationImpl.kt:33)
	at kotlinx.coroutines.internal.ScopeCoroutine.afterResume(Scopes.kt:28)
	at kotlinx.coroutines.AbstractCoroutine.resumeWith(AbstractCoroutine.kt:100)
	at kotlin.coroutines.jvm.internal.BaseContinuationImpl.resumeWith(ContinuationImpl.kt:46)
	at kotlinx.coroutines.DispatchedTask.run(DispatchedTask.kt:99)
	at java.base/java.util.concurrent.ThreadPoolExecutor.runWorker(ThreadPoolExecutor.java:1136)
	at java.base/java.util.concurrent.ThreadPoolExecutor$Worker.run(ThreadPoolExecutor.java:635)
	at java.base/java.lang.Thread.run(Thread.java:840)
23:03:14.427 [pool-1-thread-1 @coroutine#85] INFO  TimeoutTest - Starting pipeline: stage-timeout-continue (ID: d098548c-de93-4212-bebe-0c0dfd1aaf90)
23:03:14.933 [pool-1-thread-1 @coroutine#87] WARN  TimeoutTest - Stage 'stage1' timed out after 500 ms
23:03:14.957 [pool-1-thread-1 @coroutine#87] INFO  TimeoutTest - Checkpoint saved: /Users/Projects/cotor/.cotor/checkpoints/d098548c-de93-4212-bebe-0c0dfd1aaf90.json
]]></system-out>
  <system-err><![CDATA[]]></system-err>
</testsuite>
