<?xml version="1.0" encoding="UTF-8"?>
<testsuite name="com.cotor.chat.ChatSessionTest" tests="2" skipped="0" failures="0" errors="0" timestamp="2026-02-14T14:03:11" hostname="MacBook-Pro.local" time="0.005">
  <properties/>
  <testcase name="buildPrompt without context returns raw input" classname="com.cotor.chat.ChatSessionTest" time="0.001"/>
  <testcase name="buildPrompt with context includes recent history" classname="com.cotor.chat.ChatSessionTest" time="0.003"/>
  <system-out><![CDATA[]]></system-out>
  <system-err><![CDATA[]]></system-err>
</testsuite>
