<?xml version="1.0" encoding="UTF-8"?>
<testsuite name="com.cotor.domain.condition.ConditionEvaluatorTest" tests="5" skipped="0" failures="0" errors="0" timestamp="2026-02-14T13:07:51" hostname="MacBook-Pro.local" time="0.007">
  <properties/>
  <testcase name="evaluates numeric comparisons against stage metadata" classname="com.cotor.domain.condition.ConditionEvaluatorTest" time="0.003"/>
  <testcase name="supports logical expressions with shared state and outputs" classname="com.cotor.domain.condition.ConditionEvaluatorTest" time="0.0"/>
  <testcase name="handles nested expressions and operator precedence" classname="com.cotor.domain.condition.ConditionEvaluatorTest" time="0.001"/>
  <testcase name="supports NOT operator" classname="com.cotor.domain.condition.ConditionEvaluatorTest" time="0.0"/>
  <testcase name="handles complex nested expressions" classname="com.cotor.domain.condition.ConditionEvaluatorTest" time="0.001"/>
  <system-out><![CDATA[]]></system-out>
  <system-err><![CDATA[]]></system-err>
</testsuite>
